mode: set
github.com/ivannovak/aura/pkg/logger/logger.go:32.23,34.19 2 1
github.com/ivannovak/aura/pkg/logger/logger.go:35.18,36.26 1 1
github.com/ivannovak/aura/pkg/logger/logger.go:37.17,38.25 1 1
github.com/ivannovak/aura/pkg/logger/logger.go:39.17,40.25 1 1
github.com/ivannovak/aura/pkg/logger/logger.go:41.18,42.26 1 1
github.com/ivannovak/aura/pkg/logger/logger.go:43.10,44.25 1 0
github.com/ivannovak/aura/pkg/logger/logger.go:47.2,52.26 3 1
github.com/ivannovak/aura/pkg/logger/logger.go:52.26,54.3 1 1
github.com/ivannovak/aura/pkg/logger/logger.go:54.8,56.3 1 1
github.com/ivannovak/aura/pkg/logger/logger.go:58.2,58.25 1 1
github.com/ivannovak/aura/pkg/logger/logger.go:62.13,63.16 1 1
github.com/ivannovak/aura/pkg/logger/logger.go:63.16,69.3 1 1
github.com/ivannovak/aura/pkg/logger/logger.go:73.36,75.2 1 1
github.com/ivannovak/aura/pkg/logger/logger.go:77.37,79.2 1 1
github.com/ivannovak/aura/pkg/logger/logger.go:81.36,83.2 1 1
github.com/ivannovak/aura/pkg/logger/logger.go:85.37,87.2 1 1
github.com/ivannovak/aura/pkg/logger/logger.go:89.37,92.2 2 0
github.com/ivannovak/aura/pkg/version/version.go:15.27,18.2 1 1
github.com/ivannovak/aura/cmd/aura/main.go:93.13,95.31 1 1
github.com/ivannovak/aura/cmd/aura/main.go:95.31,115.3 2 0
github.com/ivannovak/aura/cmd/aura/main.go:118.2,119.16 2 1
github.com/ivannovak/aura/cmd/aura/main.go:119.16,122.3 2 0
github.com/ivannovak/aura/cmd/aura/main.go:123.2,123.40 1 1
github.com/ivannovak/aura/cmd/aura/main.go:141.35,144.16 2 1
github.com/ivannovak/aura/cmd/aura/main.go:144.16,147.22 2 1
github.com/ivannovak/aura/cmd/aura/main.go:147.22,149.53 2 1
github.com/ivannovak/aura/cmd/aura/main.go:149.53,152.5 2 1
github.com/ivannovak/aura/cmd/aura/main.go:154.4,155.53 2 1
github.com/ivannovak/aura/cmd/aura/main.go:155.53,158.5 2 1
github.com/ivannovak/aura/cmd/aura/main.go:162.2,162.18 1 1
github.com/ivannovak/aura/cmd/aura/main.go:162.18,164.47 2 1
github.com/ivannovak/aura/cmd/aura/main.go:164.47,166.4 1 0
github.com/ivannovak/aura/cmd/aura/main.go:169.2,169.67 1 1
github.com/ivannovak/aura/cmd/aura/main.go:176.54,184.62 5 1
github.com/ivannovak/aura/cmd/aura/main.go:184.62,186.4 1 0
github.com/ivannovak/aura/cmd/aura/main.go:187.3,191.39 3 1
github.com/ivannovak/aura/cmd/aura/main.go:191.39,194.4 2 0
github.com/ivannovak/aura/cmd/aura/main.go:195.3,200.83 4 1
github.com/ivannovak/aura/cmd/aura/main.go:200.83,203.4 2 1
github.com/ivannovak/aura/cmd/aura/main.go:204.3,211.13 7 0
github.com/ivannovak/aura/cmd/aura/main.go:218.54,222.83 3 1
github.com/ivannovak/aura/cmd/aura/main.go:222.83,224.4 1 0
github.com/ivannovak/aura/cmd/aura/main.go:226.3,229.13 4 1
github.com/ivannovak/aura/cmd/aura/main.go:236.54,240.79 3 1
github.com/ivannovak/aura/cmd/aura/main.go:240.79,242.4 1 0
github.com/ivannovak/aura/cmd/aura/main.go:244.3,246.13 3 1
github.com/ivannovak/aura/cmd/aura/main.go:254.54,256.42 2 1
github.com/ivannovak/aura/cmd/aura/main.go:256.42,258.4 1 1
github.com/ivannovak/aura/cmd/aura/main.go:260.3,261.48 2 1
github.com/ivannovak/aura/cmd/aura/main.go:261.48,263.4 1 1
github.com/ivannovak/aura/cmd/aura/main.go:265.3,269.64 4 0
github.com/ivannovak/aura/cmd/aura/main.go:269.64,271.4 1 0
github.com/ivannovak/aura/cmd/aura/main.go:273.3,275.13 3 0
github.com/ivannovak/aura/cmd/aura/main.go:282.54,289.17 5 1
github.com/ivannovak/aura/cmd/aura/main.go:289.17,293.4 3 0
github.com/ivannovak/aura/cmd/aura/main.go:295.3,295.22 1 1
github.com/ivannovak/aura/cmd/aura/main.go:295.22,306.32 5 1
github.com/ivannovak/aura/cmd/aura/main.go:306.32,308.34 2 0
github.com/ivannovak/aura/cmd/aura/main.go:308.34,313.6 4 0
github.com/ivannovak/aura/cmd/aura/main.go:315.9,319.4 3 0
github.com/ivannovak/aura/cmd/aura/main.go:320.3,320.13 1 1
github.com/ivannovak/aura/cmd/aura/main.go:327.54,331.13 3 1
github.com/ivannovak/aura/cmd/aura/main.go:331.13,333.4 1 0
github.com/ivannovak/aura/cmd/aura/main.go:334.3,336.45 2 1
github.com/ivannovak/aura/cmd/aura/main.go:344.54,354.50 9 1
github.com/ivannovak/aura/cmd/aura/main.go:354.50,357.4 2 1
github.com/ivannovak/aura/cmd/aura/main.go:358.3,358.41 1 0
github.com/ivannovak/aura/cmd/aura/main.go:358.41,361.4 2 0
github.com/ivannovak/aura/cmd/aura/main.go:364.3,365.85 2 0
github.com/ivannovak/aura/cmd/aura/main.go:365.85,367.4 1 0
github.com/ivannovak/aura/cmd/aura/main.go:370.3,371.61 2 0
github.com/ivannovak/aura/cmd/aura/main.go:371.61,373.70 2 0
github.com/ivannovak/aura/cmd/aura/main.go:373.70,375.5 1 0
github.com/ivannovak/aura/cmd/aura/main.go:379.3,380.61 2 0
github.com/ivannovak/aura/cmd/aura/main.go:380.61,382.70 2 0
github.com/ivannovak/aura/cmd/aura/main.go:382.70,384.5 1 0
github.com/ivannovak/aura/cmd/aura/main.go:388.3,389.76 2 0
github.com/ivannovak/aura/cmd/aura/main.go:389.76,392.4 1 0
github.com/ivannovak/aura/cmd/aura/main.go:395.3,401.47 5 0
github.com/ivannovak/aura/cmd/aura/main.go:401.47,403.4 1 0
github.com/ivannovak/aura/cmd/aura/main.go:405.3,408.13 4 0
github.com/ivannovak/aura/cmd/aura/main.go:415.47,418.14 2 1
github.com/ivannovak/aura/cmd/aura/main.go:418.14,424.4 5 1
github.com/ivannovak/aura/cmd/aura/main.go:424.9,426.4 1 1
github.com/ivannovak/aura/cmd/aura/main.go:431.13,451.2 13 1
github.com/ivannovak/aura/cmd/aura/main.go:453.13,457.42 2 0
github.com/ivannovak/aura/cmd/aura/main.go:457.42,460.3 2 0
github.com/ivannovak/aura/cmd/aura/main.go:463.19,465.18 2 1
github.com/ivannovak/aura/cmd/aura/main.go:466.15,467.28 1 1
github.com/ivannovak/aura/cmd/aura/main.go:468.14,469.27 1 1
github.com/ivannovak/aura/cmd/aura/main.go:470.14,471.27 1 1
github.com/ivannovak/aura/cmd/aura/main.go:472.15,473.28 1 1
github.com/ivannovak/aura/cmd/aura/main.go:476.2,480.4 1 1
github.com/ivannovak/aura/cmd/aura/main.go:484.86,489.2 3 1
github.com/ivannovak/aura/cmd/aura/main.go:492.84,500.34 6 1
github.com/ivannovak/aura/cmd/aura/main.go:500.34,501.44 1 1
github.com/ivannovak/aura/cmd/aura/main.go:501.44,504.4 2 1
github.com/ivannovak/aura/cmd/aura/main.go:505.3,505.36 1 1
github.com/ivannovak/aura/cmd/aura/main.go:505.36,508.4 2 1
github.com/ivannovak/aura/cmd/aura/main.go:509.3,510.13 2 1
github.com/ivannovak/aura/cmd/aura/main.go:513.2,514.12 2 1
github.com/ivannovak/aura/cmd/aura/main.go:518.52,520.2 1 1
github.com/ivannovak/aura/cmd/aura/main.go:523.94,532.34 7 1
github.com/ivannovak/aura/cmd/aura/main.go:532.34,533.44 1 1
github.com/ivannovak/aura/cmd/aura/main.go:533.44,536.4 2 0
github.com/ivannovak/aura/cmd/aura/main.go:537.3,537.36 1 1
github.com/ivannovak/aura/cmd/aura/main.go:537.36,540.4 2 1
github.com/ivannovak/aura/cmd/aura/main.go:541.3,542.13 2 1
github.com/ivannovak/aura/cmd/aura/main.go:545.2,546.12 2 1
github.com/ivannovak/aura/cmd/aura/main.go:550.62,552.2 1 1
github.com/ivannovak/aura/cmd/aura/main.go:554.42,557.23 2 1
github.com/ivannovak/aura/cmd/aura/main.go:557.23,559.3 1 1
github.com/ivannovak/aura/cmd/aura/main.go:561.2,561.22 1 1
github.com/ivannovak/aura/cmd/aura/main.go:561.22,563.3 1 1
github.com/ivannovak/aura/cmd/aura/main.go:565.2,565.36 1 1
github.com/ivannovak/aura/cmd/aura/main.go:565.36,567.3 1 1
github.com/ivannovak/aura/cmd/aura/main.go:569.2,569.38 1 1
github.com/ivannovak/aura/cmd/aura/main.go:569.38,571.3 1 1
github.com/ivannovak/aura/cmd/aura/main.go:573.2,574.31 2 1
github.com/ivannovak/aura/cmd/aura/main.go:574.31,575.22 1 1
github.com/ivannovak/aura/cmd/aura/main.go:575.22,577.4 1 0
github.com/ivannovak/aura/cmd/aura/main.go:578.3,578.22 1 1
github.com/ivannovak/aura/cmd/aura/main.go:578.22,580.4 1 1
github.com/ivannovak/aura/cmd/aura/main.go:581.3,581.43 1 1
github.com/ivannovak/aura/cmd/aura/main.go:581.43,583.4 1 1
github.com/ivannovak/aura/cmd/aura/main.go:586.2,586.12 1 1
github.com/ivannovak/aura/cmd/aura/main.go:589.26,590.42 1 1
github.com/ivannovak/aura/cmd/aura/main.go:590.42,592.3 1 0
github.com/ivannovak/aura/cmd/aura/main.go:594.2,594.44 1 1
github.com/ivannovak/aura/cmd/aura/main.go:594.44,596.3 1 0
github.com/ivannovak/aura/cmd/aura/main.go:598.2,598.45 1 1
github.com/ivannovak/aura/cmd/aura/main.go:598.45,600.3 1 0
github.com/ivannovak/aura/cmd/aura/main.go:602.2,602.12 1 1
github.com/ivannovak/aura/cmd/aura/main.go:605.30,606.35 1 1
github.com/ivannovak/aura/cmd/aura/main.go:606.35,607.78 1 1
github.com/ivannovak/aura/cmd/aura/main.go:607.78,609.4 1 0
github.com/ivannovak/aura/cmd/aura/main.go:611.2,611.12 1 1
github.com/ivannovak/aura/cmd/aura/main.go:614.46,616.16 2 1
github.com/ivannovak/aura/cmd/aura/main.go:616.16,618.3 1 1
github.com/ivannovak/aura/cmd/aura/main.go:620.2,620.64 1 1
github.com/ivannovak/aura/cmd/aura/main.go:620.64,622.3 1 0
github.com/ivannovak/aura/cmd/aura/main.go:624.2,625.12 2 1
github.com/ivannovak/aura/cmd/aura/main.go:628.32,637.27 2 1
github.com/ivannovak/aura/cmd/aura/main.go:637.27,638.57 1 1
github.com/ivannovak/aura/cmd/aura/main.go:638.57,640.4 1 1
github.com/ivannovak/aura/cmd/aura/main.go:641.3,641.72 1 1
github.com/ivannovak/aura/cmd/aura/main.go:644.2,644.12 1 1
github.com/ivannovak/aura/cmd/aura/main.go:647.33,652.16 4 1
github.com/ivannovak/aura/cmd/aura/main.go:652.16,654.3 1 0
github.com/ivannovak/aura/cmd/aura/main.go:656.2,656.64 1 1
github.com/ivannovak/aura/cmd/aura/main.go:656.64,658.3 1 0
github.com/ivannovak/aura/cmd/aura/main.go:660.2,661.12 2 1
